[2025-11-25 11:01:53.336 -08:00 INF] Starting CAC Application
[2025-11-25 11:05:12.427 -08:00 INF] Found 3 smart card reader(s)
[2025-11-25 11:05:25.971 -08:00 INF] Found 3 revocation distribution points for certificate CN=HARRIS.B.THOMAS.1481283791, OU=CONTRACTOR, OU=PKI, OU=DoD, O=U.S. Government, C=US (including default OCSP)
[2025-11-25 11:05:34.490 -08:00 INF] Starting CAC online validation for subject: CN=HARRIS.B.THOMAS.1481283791, OU=CONTRACTOR, OU=PKI, OU=DoD, O=U.S. Government, C=US, Thumbprint: 37FB1EDB5882A8A8EF1A97841740A5BB6999686F
[2025-11-25 11:05:34.517 -08:00 INF] Certificate category determined: Government
[2025-11-25 11:05:34.561 -08:00 DBG] Validating certificate chain for CAC validation. Subject: CN=HARRIS.B.THOMAS.1481283791, OU=CONTRACTOR, OU=PKI, OU=DoD, O=U.S. Government, C=US
[2025-11-25 11:05:34.563 -08:00 DBG] Building certificate chain with online revocation checking
[2025-11-25 11:05:34.565 -08:00 INF] Chain build result: false, Chain elements: 3
[2025-11-25 11:05:34.569 -08:00 DBG] Chain status: "Revoked", Information: The certificate is revoked.
[2025-11-25 11:05:34.573 -08:00 WRN] Certificate chain validation: Online check reported REVOKED. Status: "Revoked", Info: The certificate is revoked.
[2025-11-25 11:05:34.575 -08:00 INF] Revocation reported online - verifying with offline check to rule out false positives
[2025-11-25 11:05:34.577 -08:00 INF] Offline chain build result: true
[2025-11-25 11:05:34.579 -08:00 WRN] Online revocation check reported revoked, but offline validation succeeded. Likely false positive from network/cache issues.
[2025-11-25 11:05:34.581 -08:00 INF] Certificate chain validation succeeded
[2025-11-25 11:05:34.582 -08:00 WRN] Online validation failed but offline validation succeeded: Online revocation check reported revoked: The certificate is revoked.
[2025-11-25 11:05:34.584 -08:00 INF] CAC validation succeeded: Valid Government CAC
[2025-11-25 11:06:03.205 -08:00 INF] Checking CRL/OCSP status for certificate: CN=HARRIS.B.THOMAS.1481283791, OU=CONTRACTOR, OU=PKI, OU=DoD, O=U.S. Government, C=US
[2025-11-25 11:06:03.207 -08:00 INF] Found 3 revocation distribution points for certificate CN=HARRIS.B.THOMAS.1481283791, OU=CONTRACTOR, OU=PKI, OU=DoD, O=U.S. Government, C=US (including default OCSP)
[2025-11-25 11:06:03.209 -08:00 INF] Checking CRL first (primary method)
[2025-11-25 11:06:03.211 -08:00 DBG] Checking CRL status: http://crl.disa.mil/crl/DODEMAILCA_71.crl
[2025-11-25 11:06:03.823 -08:00 DBG] CRL parsed successfully. LastUpdate: null, NextUpdate: null, RevokedCount: 0
[2025-11-25 11:06:03.826 -08:00 INF] CRL check successful - certificate status can be determined
[2025-11-25 11:06:03.827 -08:00 INF] CRL/OCSP check completed. Status: Valid, CRL accessible: true, OCSP accessible: false
[2025-11-25 11:06:40.515 -08:00 INF] Getting detailed certificate information for subject: CN=HARRIS.B.THOMAS.1481283791, OU=CONTRACTOR, OU=PKI, OU=DoD, O=U.S. Government, C=US
[2025-11-25 11:06:40.537 -08:00 INF] Certificate details extracted successfully. KeyUsage count: 2, SAN count: 0
[2025-11-25 11:06:46.624 -08:00 INF] Exporting certificate 37FB1EDB5882A8A8EF1A97841740A5BB6999686F in format "Der"
[2025-11-25 11:06:46.626 -08:00 INF] Certificate exported successfully. Size: 1234 bytes
[2025-11-25 11:06:58.873 -08:00 INF] Getting certificate chain info for subject: CN=HARRIS.B.THOMAS.1481283791, OU=CONTRACTOR, OU=PKI, OU=DoD, O=U.S. Government, C=US, Thumbprint: 37FB1EDB5882A8A8EF1A97841740A5BB6999686F
[2025-11-25 11:06:58.876 -08:00 DBG] Building certificate chain with online revocation checking
[2025-11-25 11:06:58.879 -08:00 INF] Chain build result: false, Chain elements: 3
[2025-11-25 11:06:58.882 -08:00 DBG] Chain element 0: Subject=CN=HARRIS.B.THOMAS.1481283791, OU=CONTRACTOR, OU=PKI, OU=DoD, O=U.S. Government, C=US, Issuer=CN=DOD EMAIL CA-71, OU=PKI, OU=DoD, O=U.S. Government, C=US, Status count=1
[2025-11-25 11:06:58.887 -08:00 DBG] Element status: Certificate=CN=HARRIS.B.THOMAS.1481283791, OU=CONTRACTOR, OU=PKI, OU=DoD, O=U.S. Government, C=US, Status="Revoked", Info=The certificate is revoked.
[2025-11-25 11:06:58.890 -08:00 WRN] Certificate REVOKED: Certificate: CN=HARRIS.B.THOMAS.1481283791, OU=CONTRACTOR, OU=PKI, OU=DoD, O=U.S. Government, C=US, Reason: The certificate is revoked.
[2025-11-25 11:06:58.897 -08:00 DBG] Chain element 1: Subject=CN=DOD EMAIL CA-71, OU=PKI, OU=DoD, O=U.S. Government, C=US, Issuer=CN=DoD Root CA 3, OU=PKI, OU=DoD, O=U.S. Government, C=US, Status count=0
[2025-11-25 11:06:58.902 -08:00 DBG] Chain element 2: Subject=CN=DoD Root CA 3, OU=PKI, OU=DoD, O=U.S. Government, C=US, Issuer=CN=DoD Root CA 3, OU=PKI, OU=DoD, O=U.S. Government, C=US, Status count=0
[2025-11-25 11:06:58.907 -08:00 INF] Revocation reported online - verifying with offline check to rule out false positives
[2025-11-25 11:06:58.911 -08:00 INF] Offline chain build result: true, Chain elements: 3
[2025-11-25 11:06:58.916 -08:00 WRN] Online revocation check reported revoked, but offline validation succeeded. Likely false positive from network/cache issues.
[2025-11-25 11:06:58.918 -08:00 INF] Final chain validation result: IsValid=true, HasRevocation=false, ErrorCount=1
[2025-11-25 11:06:58.922 -08:00 DBG] Building final chain elements list. Chain length: 3
[2025-11-25 11:06:58.928 -08:00 DBG] Chain element: Subject=CN=HARRIS.B.THOMAS.1481283791, OU=CONTRACTOR, OU=PKI, OU=DoD, O=U.S. Government, C=US, Valid=true, Thumbprint=37FB1EDB5882A8A8EF1A97841740A5BB6999686F
[2025-11-25 11:06:58.933 -08:00 DBG] Chain element: Subject=CN=DOD EMAIL CA-71, OU=PKI, OU=DoD, O=U.S. Government, C=US, Valid=true, Thumbprint=737BEAA4D4563E186D6B4C455330579FA085A3BF
[2025-11-25 11:06:58.936 -08:00 DBG] Chain element: Subject=CN=DoD Root CA 3, OU=PKI, OU=DoD, O=U.S. Government, C=US, Valid=true, Thumbprint=D73CA91102A2204A36459ED32213B467D7CE97FB
